The system is: Linux - 3.10.0-1062.18.1.el7.x86_64 - x86_64
Compiling the C compiler identification source file "CMakeCCompilerId.c" succeeded.
Compiler: /apps/mpi/cuda/11.0.207/gcc/9.3.0/openmpi/4.0.4/bin/mpicc 
Build flags: 
Id flags:  

The output was:
0


Compilation of the C compiler identification source "CMakeCCompilerId.c" produced "a.out"

The C compiler identification is GNU, found in "/home/liweichang/program/meld_cuda11_dev/plugin/build_cuda11/CMakeFiles/3.21.3/CompilerIdC/a.out"

Compiling the CXX compiler identification source file "CMakeCXXCompilerId.cpp" succeeded.
Compiler: /apps/mpi/cuda/11.0.207/gcc/9.3.0/openmpi/4.0.4/bin/mpicxx 
Build flags: 
Id flags:  

The output was:
0


Compilation of the CXX compiler identification source "CMakeCXXCompilerId.cpp" produced "a.out"

The CXX compiler identification is GNU, found in "/home/liweichang/program/meld_cuda11_dev/plugin/build_cuda11/CMakeFiles/3.21.3/CompilerIdCXX/a.out"

Detecting C compiler ABI info compiled with the following output:
Change Dir: /home/liweichang/program/meld_cuda11_dev/plugin/build_cuda11/CMakeFiles/CMakeTmp

Run Build Command(s):/usr/bin/gmake -f Makefile cmTC_003fa/fast && /usr/bin/gmake  -f CMakeFiles/cmTC_003fa.dir/build.make CMakeFiles/cmTC_003fa.dir/build
gmake[1]: Entering directory `/home/liweichang/program/meld_cuda11_dev/plugin/build_cuda11/CMakeFiles/CMakeTmp'
Building C object CMakeFiles/cmTC_003fa.dir/CMakeCCompilerABI.c.o
/apps/mpi/cuda/11.0.207/gcc/9.3.0/openmpi/4.0.4/bin/mpicc   -v -o CMakeFiles/cmTC_003fa.dir/CMakeCCompilerABI.c.o -c /apps/cmake/3.21.3/share/cmake-3.21/Modules/CMakeCCompilerABI.c
Using built-in specs.
COLLECT_GCC=/apps/compilers/gcc/9.3.0/bin/gcc
Target: x86_64-pc-linux-gnu
Configured with: ./configure prefix=/apps/compilers/gcc/9.3.0 --disable-multilib
Thread model: posix
gcc version 9.3.0 (GCC) 
COLLECT_GCC_OPTIONS='-v' '-o' 'CMakeFiles/cmTC_003fa.dir/CMakeCCompilerABI.c.o' '-c' '-I' '/apps/mpi/cuda/11.0.207/gcc/9.3.0/openmpi/4.0.4/include' '-pthread' '-mtune=generic' '-march=x86-64'
 /apps/compilers/gcc/9.3.0/libexec/gcc/x86_64-pc-linux-gnu/9.3.0/cc1 -quiet -v -I /apps/mpi/cuda/11.0.207/gcc/9.3.0/openmpi/4.0.4/include -D_REENTRANT /apps/cmake/3.21.3/share/cmake-3.21/Modules/CMakeCCompilerABI.c -quiet -dumpbase CMakeCCompilerABI.c -mtune=generic -march=x86-64 -auxbase-strip CMakeFiles/cmTC_003fa.dir/CMakeCCompilerABI.c.o -version -o /scratch/local/46889481/cco5cV1t.s
GNU C17 (GCC) version 9.3.0 (x86_64-pc-linux-gnu)
	compiled by GNU C version 9.3.0, GMP version 6.1.0, MPFR version 3.1.4, MPC version 1.0.3, isl version isl-0.18-GMP

GGC heuristics: --param ggc-min-expand=100 --param ggc-min-heapsize=131072
ignoring nonexistent directory "/apps/compilers/gcc/9.3.0/lib/gcc/x86_64-pc-linux-gnu/9.3.0/../../../../x86_64-pc-linux-gnu/include"
#include "..." search starts here:
#include <...> search starts here:
 /apps/mpi/cuda/11.0.207/gcc/9.3.0/openmpi/4.0.4/include
 /apps/compilers/gcc/9.3.0/lib/gcc/x86_64-pc-linux-gnu/9.3.0/include
 /usr/local/include
 /apps/compilers/gcc/9.3.0/lib/gcc/x86_64-pc-linux-gnu/9.3.0/include-fixed
 /usr/include
End of search list.
GNU C17 (GCC) version 9.3.0 (x86_64-pc-linux-gnu)
	compiled by GNU C version 9.3.0, GMP version 6.1.0, MPFR version 3.1.4, MPC version 1.0.3, isl version isl-0.18-GMP

GGC heuristics: --param ggc-min-expand=100 --param ggc-min-heapsize=131072
Compiler executable checksum: d0df4d687c2cad2f57c1ffd3815aa9c9
COLLECT_GCC_OPTIONS='-v' '-o' 'CMakeFiles/cmTC_003fa.dir/CMakeCCompilerABI.c.o' '-c' '-I' '/apps/mpi/cuda/11.0.207/gcc/9.3.0/openmpi/4.0.4/include' '-pthread' '-mtune=generic' '-march=x86-64'
 as -v -I /apps/mpi/cuda/11.0.207/gcc/9.3.0/openmpi/4.0.4/include --64 -o CMakeFiles/cmTC_003fa.dir/CMakeCCompilerABI.c.o /scratch/local/46889481/cco5cV1t.s
GNU assembler version 2.27 (x86_64-redhat-linux) using BFD version version 2.27-41.base.el7_7.3
COMPILER_PATH=/apps/compilers/gcc/9.3.0/libexec/gcc/x86_64-pc-linux-gnu/9.3.0/:/apps/compilers/gcc/9.3.0/libexec/gcc/x86_64-pc-linux-gnu/9.3.0/:/apps/compilers/gcc/9.3.0/libexec/gcc/x86_64-pc-linux-gnu/:/apps/compilers/gcc/9.3.0/lib/gcc/x86_64-pc-linux-gnu/9.3.0/:/apps/compilers/gcc/9.3.0/lib/gcc/x86_64-pc-linux-gnu/
LIBRARY_PATH=/apps/compilers/gcc/9.3.0/lib/gcc/x86_64-pc-linux-gnu/9.3.0/:/apps/compilers/gcc/9.3.0/lib/gcc/x86_64-pc-linux-gnu/9.3.0/../../../../lib64/:/lib/../lib64/:/usr/lib/../lib64/:/apps/compilers/gcc/9.3.0/lib/gcc/x86_64-pc-linux-gnu/9.3.0/../../../:/lib/:/usr/lib/
COLLECT_GCC_OPTIONS='-v' '-o' 'CMakeFiles/cmTC_003fa.dir/CMakeCCompilerABI.c.o' '-c' '-I' '/apps/mpi/cuda/11.0.207/gcc/9.3.0/openmpi/4.0.4/include' '-pthread' '-mtune=generic' '-march=x86-64'
Linking C executable cmTC_003fa
/apps/cmake/3.21.3/bin/cmake -E cmake_link_script CMakeFiles/cmTC_003fa.dir/link.txt --verbose=1
/apps/mpi/cuda/11.0.207/gcc/9.3.0/openmpi/4.0.4/bin/mpicc  -v -rdynamic CMakeFiles/cmTC_003fa.dir/CMakeCCompilerABI.c.o -o cmTC_003fa 
Using built-in specs.
COLLECT_GCC=/apps/compilers/gcc/9.3.0/bin/gcc
COLLECT_LTO_WRAPPER=/apps/compilers/gcc/9.3.0/libexec/gcc/x86_64-pc-linux-gnu/9.3.0/lto-wrapper
Target: x86_64-pc-linux-gnu
Configured with: ./configure prefix=/apps/compilers/gcc/9.3.0 --disable-multilib
Thread model: posix
gcc version 9.3.0 (GCC) 
COMPILER_PATH=/apps/compilers/gcc/9.3.0/libexec/gcc/x86_64-pc-linux-gnu/9.3.0/:/apps/compilers/gcc/9.3.0/libexec/gcc/x86_64-pc-linux-gnu/9.3.0/:/apps/compilers/gcc/9.3.0/libexec/gcc/x86_64-pc-linux-gnu/:/apps/compilers/gcc/9.3.0/lib/gcc/x86_64-pc-linux-gnu/9.3.0/:/apps/compilers/gcc/9.3.0/lib/gcc/x86_64-pc-linux-gnu/
LIBRARY_PATH=/apps/compilers/gcc/9.3.0/lib/gcc/x86_64-pc-linux-gnu/9.3.0/:/apps/compilers/gcc/9.3.0/lib/gcc/x86_64-pc-linux-gnu/9.3.0/../../../../lib64/:/lib/../lib64/:/usr/lib/../lib64/:/apps/compilers/gcc/9.3.0/lib/gcc/x86_64-pc-linux-gnu/9.3.0/../../../:/lib/:/usr/lib/
COLLECT_GCC_OPTIONS='-v' '-rdynamic' '-o' 'cmTC_003fa' '-I' '/apps/mpi/cuda/11.0.207/gcc/9.3.0/openmpi/4.0.4/include' '-pthread' '-L/opt/pmix/3.1.2/lib64' '-L/opt/slurm/lib64' '-L/apps/mpi/cuda/11.0.207/gcc/9.3.0/openmpi/4.0.4/lib64' '-mtune=generic' '-march=x86-64'
 /apps/compilers/gcc/9.3.0/libexec/gcc/x86_64-pc-linux-gnu/9.3.0/collect2 -plugin /apps/compilers/gcc/9.3.0/libexec/gcc/x86_64-pc-linux-gnu/9.3.0/liblto_plugin.so -plugin-opt=/apps/compilers/gcc/9.3.0/libexec/gcc/x86_64-pc-linux-gnu/9.3.0/lto-wrapper -plugin-opt=-fresolution=/scratch/local/46889481/ccgCZiyz.res -plugin-opt=-pass-through=-lgcc -plugin-opt=-pass-through=-lgcc_s -plugin-opt=-pass-through=-lpthread -plugin-opt=-pass-through=-lc -plugin-opt=-pass-through=-lgcc -plugin-opt=-pass-through=-lgcc_s --eh-frame-hdr -m elf_x86_64 -export-dynamic -dynamic-linker /lib64/ld-linux-x86-64.so.2 -o cmTC_003fa /lib/../lib64/crt1.o /lib/../lib64/crti.o /apps/compilers/gcc/9.3.0/lib/gcc/x86_64-pc-linux-gnu/9.3.0/crtbegin.o -L/opt/pmix/3.1.2/lib64 -L/opt/slurm/lib64 -L/apps/mpi/cuda/11.0.207/gcc/9.3.0/openmpi/4.0.4/lib64 -L/apps/compilers/gcc/9.3.0/lib/gcc/x86_64-pc-linux-gnu/9.3.0 -L/apps/compilers/gcc/9.3.0/lib/gcc/x86_64-pc-linux-gnu/9.3.0/../../../../lib64 -L/lib/../lib64 -L/usr/lib/../lib64 -L/apps/compilers/gcc/9.3.0/lib/gcc/x86_64-pc-linux-gnu/9.3.0/../../.. CMakeFiles/cmTC_003fa.dir/CMakeCCompilerABI.c.o -rpath /opt/pmix/3.1.2/lib64 -rpath /opt/slurm/lib64 -rpath /apps/mpi/cuda/11.0.207/gcc/9.3.0/openmpi/4.0.4/lib64 --enable-new-dtags -lmpi -lgcc --as-needed -lgcc_s --no-as-needed -lpthread -lc -lgcc --as-needed -lgcc_s --no-as-needed /apps/compilers/gcc/9.3.0/lib/gcc/x86_64-pc-linux-gnu/9.3.0/crtend.o /lib/../lib64/crtn.o
COLLECT_GCC_OPTIONS='-v' '-rdynamic' '-o' 'cmTC_003fa' '-I' '/apps/mpi/cuda/11.0.207/gcc/9.3.0/openmpi/4.0.4/include' '-pthread' '-L/opt/pmix/3.1.2/lib64' '-L/opt/slurm/lib64' '-L/apps/mpi/cuda/11.0.207/gcc/9.3.0/openmpi/4.0.4/lib64' '-mtune=generic' '-march=x86-64'
gmake[1]: Leaving directory `/home/liweichang/program/meld_cuda11_dev/plugin/build_cuda11/CMakeFiles/CMakeTmp'



Parsed C implicit include dir info from above output: rv=done
  found start of include info
  found start of implicit include info
    add: [/apps/mpi/cuda/11.0.207/gcc/9.3.0/openmpi/4.0.4/include]
    add: [/apps/compilers/gcc/9.3.0/lib/gcc/x86_64-pc-linux-gnu/9.3.0/include]
    add: [/usr/local/include]
    add: [/apps/compilers/gcc/9.3.0/lib/gcc/x86_64-pc-linux-gnu/9.3.0/include-fixed]
    add: [/usr/include]
  end of search list found
  collapse include dir [/apps/mpi/cuda/11.0.207/gcc/9.3.0/openmpi/4.0.4/include] ==> [/apps/mpi/cuda/11.0.207/gcc/9.3.0/openmpi/4.0.4/include]
  collapse include dir [/apps/compilers/gcc/9.3.0/lib/gcc/x86_64-pc-linux-gnu/9.3.0/include] ==> [/apps/compilers/gcc/9.3.0/lib/gcc/x86_64-pc-linux-gnu/9.3.0/include]
  collapse include dir [/usr/local/include] ==> [/usr/local/include]
  collapse include dir [/apps/compilers/gcc/9.3.0/lib/gcc/x86_64-pc-linux-gnu/9.3.0/include-fixed] ==> [/apps/compilers/gcc/9.3.0/lib/gcc/x86_64-pc-linux-gnu/9.3.0/include-fixed]
  collapse include dir [/usr/include] ==> [/usr/include]
  implicit include dirs: [/apps/mpi/cuda/11.0.207/gcc/9.3.0/openmpi/4.0.4/include;/apps/compilers/gcc/9.3.0/lib/gcc/x86_64-pc-linux-gnu/9.3.0/include;/usr/local/include;/apps/compilers/gcc/9.3.0/lib/gcc/x86_64-pc-linux-gnu/9.3.0/include-fixed;/usr/include]


Parsed C implicit link information from above output:
  link line regex: [^( *|.*[/\])(ld|CMAKE_LINK_STARTFILE-NOTFOUND|([^/\]+-)?ld|collect2)[^/\]*( |$)]
  ignore line: [Change Dir: /home/liweichang/program/meld_cuda11_dev/plugin/build_cuda11/CMakeFiles/CMakeTmp]
  ignore line: []
  ignore line: [Run Build Command(s):/usr/bin/gmake -f Makefile cmTC_003fa/fast && /usr/bin/gmake  -f CMakeFiles/cmTC_003fa.dir/build.make CMakeFiles/cmTC_003fa.dir/build]
  ignore line: [gmake[1]: Entering directory `/home/liweichang/program/meld_cuda11_dev/plugin/build_cuda11/CMakeFiles/CMakeTmp']
  ignore line: [Building C object CMakeFiles/cmTC_003fa.dir/CMakeCCompilerABI.c.o]
  ignore line: [/apps/mpi/cuda/11.0.207/gcc/9.3.0/openmpi/4.0.4/bin/mpicc   -v -o CMakeFiles/cmTC_003fa.dir/CMakeCCompilerABI.c.o -c /apps/cmake/3.21.3/share/cmake-3.21/Modules/CMakeCCompilerABI.c]
  ignore line: [Using built-in specs.]
  ignore line: [COLLECT_GCC=/apps/compilers/gcc/9.3.0/bin/gcc]
  ignore line: [Target: x86_64-pc-linux-gnu]
  ignore line: [Configured with: ./configure prefix=/apps/compilers/gcc/9.3.0 --disable-multilib]
  ignore line: [Thread model: posix]
  ignore line: [gcc version 9.3.0 (GCC) ]
  ignore line: [COLLECT_GCC_OPTIONS='-v' '-o' 'CMakeFiles/cmTC_003fa.dir/CMakeCCompilerABI.c.o' '-c' '-I' '/apps/mpi/cuda/11.0.207/gcc/9.3.0/openmpi/4.0.4/include' '-pthread' '-mtune=generic' '-march=x86-64']
  ignore line: [ /apps/compilers/gcc/9.3.0/libexec/gcc/x86_64-pc-linux-gnu/9.3.0/cc1 -quiet -v -I /apps/mpi/cuda/11.0.207/gcc/9.3.0/openmpi/4.0.4/include -D_REENTRANT /apps/cmake/3.21.3/share/cmake-3.21/Modules/CMakeCCompilerABI.c -quiet -dumpbase CMakeCCompilerABI.c -mtune=generic -march=x86-64 -auxbase-strip CMakeFiles/cmTC_003fa.dir/CMakeCCompilerABI.c.o -version -o /scratch/local/46889481/cco5cV1t.s]
  ignore line: [GNU C17 (GCC) version 9.3.0 (x86_64-pc-linux-gnu)]
  ignore line: [	compiled by GNU C version 9.3.0  GMP version 6.1.0  MPFR version 3.1.4  MPC version 1.0.3  isl version isl-0.18-GMP]
  ignore line: []
  ignore line: [GGC heuristics: --param ggc-min-expand=100 --param ggc-min-heapsize=131072]
  ignore line: [ignoring nonexistent directory "/apps/compilers/gcc/9.3.0/lib/gcc/x86_64-pc-linux-gnu/9.3.0/../../../../x86_64-pc-linux-gnu/include"]
  ignore line: [#include "..." search starts here:]
  ignore line: [#include <...> search starts here:]
  ignore line: [ /apps/mpi/cuda/11.0.207/gcc/9.3.0/openmpi/4.0.4/include]
  ignore line: [ /apps/compilers/gcc/9.3.0/lib/gcc/x86_64-pc-linux-gnu/9.3.0/include]
  ignore line: [ /usr/local/include]
  ignore line: [ /apps/compilers/gcc/9.3.0/lib/gcc/x86_64-pc-linux-gnu/9.3.0/include-fixed]
  ignore line: [ /usr/include]
  ignore line: [End of search list.]
  ignore line: [GNU C17 (GCC) version 9.3.0 (x86_64-pc-linux-gnu)]
  ignore line: [	compiled by GNU C version 9.3.0  GMP version 6.1.0  MPFR version 3.1.4  MPC version 1.0.3  isl version isl-0.18-GMP]
  ignore line: []
  ignore line: [GGC heuristics: --param ggc-min-expand=100 --param ggc-min-heapsize=131072]
  ignore line: [Compiler executable checksum: d0df4d687c2cad2f57c1ffd3815aa9c9]
  ignore line: [COLLECT_GCC_OPTIONS='-v' '-o' 'CMakeFiles/cmTC_003fa.dir/CMakeCCompilerABI.c.o' '-c' '-I' '/apps/mpi/cuda/11.0.207/gcc/9.3.0/openmpi/4.0.4/include' '-pthread' '-mtune=generic' '-march=x86-64']
  ignore line: [ as -v -I /apps/mpi/cuda/11.0.207/gcc/9.3.0/openmpi/4.0.4/include --64 -o CMakeFiles/cmTC_003fa.dir/CMakeCCompilerABI.c.o /scratch/local/46889481/cco5cV1t.s]
  ignore line: [GNU assembler version 2.27 (x86_64-redhat-linux) using BFD version version 2.27-41.base.el7_7.3]
  ignore line: [COMPILER_PATH=/apps/compilers/gcc/9.3.0/libexec/gcc/x86_64-pc-linux-gnu/9.3.0/:/apps/compilers/gcc/9.3.0/libexec/gcc/x86_64-pc-linux-gnu/9.3.0/:/apps/compilers/gcc/9.3.0/libexec/gcc/x86_64-pc-linux-gnu/:/apps/compilers/gcc/9.3.0/lib/gcc/x86_64-pc-linux-gnu/9.3.0/:/apps/compilers/gcc/9.3.0/lib/gcc/x86_64-pc-linux-gnu/]
  ignore line: [LIBRARY_PATH=/apps/compilers/gcc/9.3.0/lib/gcc/x86_64-pc-linux-gnu/9.3.0/:/apps/compilers/gcc/9.3.0/lib/gcc/x86_64-pc-linux-gnu/9.3.0/../../../../lib64/:/lib/../lib64/:/usr/lib/../lib64/:/apps/compilers/gcc/9.3.0/lib/gcc/x86_64-pc-linux-gnu/9.3.0/../../../:/lib/:/usr/lib/]
  ignore line: [COLLECT_GCC_OPTIONS='-v' '-o' 'CMakeFiles/cmTC_003fa.dir/CMakeCCompilerABI.c.o' '-c' '-I' '/apps/mpi/cuda/11.0.207/gcc/9.3.0/openmpi/4.0.4/include' '-pthread' '-mtune=generic' '-march=x86-64']
  ignore line: [Linking C executable cmTC_003fa]
  ignore line: [/apps/cmake/3.21.3/bin/cmake -E cmake_link_script CMakeFiles/cmTC_003fa.dir/link.txt --verbose=1]
  ignore line: [/apps/mpi/cuda/11.0.207/gcc/9.3.0/openmpi/4.0.4/bin/mpicc  -v -rdynamic CMakeFiles/cmTC_003fa.dir/CMakeCCompilerABI.c.o -o cmTC_003fa ]
  ignore line: [Using built-in specs.]
  ignore line: [COLLECT_GCC=/apps/compilers/gcc/9.3.0/bin/gcc]
  ignore line: [COLLECT_LTO_WRAPPER=/apps/compilers/gcc/9.3.0/libexec/gcc/x86_64-pc-linux-gnu/9.3.0/lto-wrapper]
  ignore line: [Target: x86_64-pc-linux-gnu]
  ignore line: [Configured with: ./configure prefix=/apps/compilers/gcc/9.3.0 --disable-multilib]
  ignore line: [Thread model: posix]
  ignore line: [gcc version 9.3.0 (GCC) ]
  ignore line: [COMPILER_PATH=/apps/compilers/gcc/9.3.0/libexec/gcc/x86_64-pc-linux-gnu/9.3.0/:/apps/compilers/gcc/9.3.0/libexec/gcc/x86_64-pc-linux-gnu/9.3.0/:/apps/compilers/gcc/9.3.0/libexec/gcc/x86_64-pc-linux-gnu/:/apps/compilers/gcc/9.3.0/lib/gcc/x86_64-pc-linux-gnu/9.3.0/:/apps/compilers/gcc/9.3.0/lib/gcc/x86_64-pc-linux-gnu/]
  ignore line: [LIBRARY_PATH=/apps/compilers/gcc/9.3.0/lib/gcc/x86_64-pc-linux-gnu/9.3.0/:/apps/compilers/gcc/9.3.0/lib/gcc/x86_64-pc-linux-gnu/9.3.0/../../../../lib64/:/lib/../lib64/:/usr/lib/../lib64/:/apps/compilers/gcc/9.3.0/lib/gcc/x86_64-pc-linux-gnu/9.3.0/../../../:/lib/:/usr/lib/]
  ignore line: [COLLECT_GCC_OPTIONS='-v' '-rdynamic' '-o' 'cmTC_003fa' '-I' '/apps/mpi/cuda/11.0.207/gcc/9.3.0/openmpi/4.0.4/include' '-pthread' '-L/opt/pmix/3.1.2/lib64' '-L/opt/slurm/lib64' '-L/apps/mpi/cuda/11.0.207/gcc/9.3.0/openmpi/4.0.4/lib64' '-mtune=generic' '-march=x86-64']
  link line: [ /apps/compilers/gcc/9.3.0/libexec/gcc/x86_64-pc-linux-gnu/9.3.0/collect2 -plugin /apps/compilers/gcc/9.3.0/libexec/gcc/x86_64-pc-linux-gnu/9.3.0/liblto_plugin.so -plugin-opt=/apps/compilers/gcc/9.3.0/libexec/gcc/x86_64-pc-linux-gnu/9.3.0/lto-wrapper -plugin-opt=-fresolution=/scratch/local/46889481/ccgCZiyz.res -plugin-opt=-pass-through=-lgcc -plugin-opt=-pass-through=-lgcc_s -plugin-opt=-pass-through=-lpthread -plugin-opt=-pass-through=-lc -plugin-opt=-pass-through=-lgcc -plugin-opt=-pass-through=-lgcc_s --eh-frame-hdr -m elf_x86_64 -export-dynamic -dynamic-linker /lib64/ld-linux-x86-64.so.2 -o cmTC_003fa /lib/../lib64/crt1.o /lib/../lib64/crti.o /apps/compilers/gcc/9.3.0/lib/gcc/x86_64-pc-linux-gnu/9.3.0/crtbegin.o -L/opt/pmix/3.1.2/lib64 -L/opt/slurm/lib64 -L/apps/mpi/cuda/11.0.207/gcc/9.3.0/openmpi/4.0.4/lib64 -L/apps/compilers/gcc/9.3.0/lib/gcc/x86_64-pc-linux-gnu/9.3.0 -L/apps/compilers/gcc/9.3.0/lib/gcc/x86_64-pc-linux-gnu/9.3.0/../../../../lib64 -L/lib/../lib64 -L/usr/lib/../lib64 -L/apps/compilers/gcc/9.3.0/lib/gcc/x86_64-pc-linux-gnu/9.3.0/../../.. CMakeFiles/cmTC_003fa.dir/CMakeCCompilerABI.c.o -rpath /opt/pmix/3.1.2/lib64 -rpath /opt/slurm/lib64 -rpath /apps/mpi/cuda/11.0.207/gcc/9.3.0/openmpi/4.0.4/lib64 --enable-new-dtags -lmpi -lgcc --as-needed -lgcc_s --no-as-needed -lpthread -lc -lgcc --as-needed -lgcc_s --no-as-needed /apps/compilers/gcc/9.3.0/lib/gcc/x86_64-pc-linux-gnu/9.3.0/crtend.o /lib/../lib64/crtn.o]
    arg [/apps/compilers/gcc/9.3.0/libexec/gcc/x86_64-pc-linux-gnu/9.3.0/collect2] ==> ignore
    arg [-plugin] ==> ignore
    arg [/apps/compilers/gcc/9.3.0/libexec/gcc/x86_64-pc-linux-gnu/9.3.0/liblto_plugin.so] ==> ignore
    arg [-plugin-opt=/apps/compilers/gcc/9.3.0/libexec/gcc/x86_64-pc-linux-gnu/9.3.0/lto-wrapper] ==> ignore
    arg [-plugin-opt=-fresolution=/scratch/local/46889481/ccgCZiyz.res] ==> ignore
    arg [-plugin-opt=-pass-through=-lgcc] ==> ignore
    arg [-plugin-opt=-pass-through=-lgcc_s] ==> ignore
    arg [-plugin-opt=-pass-through=-lpthread] ==> ignore
    arg [-plugin-opt=-pass-through=-lc] ==> ignore
    arg [-plugin-opt=-pass-through=-lgcc] ==> ignore
    arg [-plugin-opt=-pass-through=-lgcc_s] ==> ignore
    arg [--eh-frame-hdr] ==> ignore
    arg [-m] ==> ignore
    arg [elf_x86_64] ==> ignore
    arg [-export-dynamic] ==> ignore
    arg [-dynamic-linker] ==> ignore
    arg [/lib64/ld-linux-x86-64.so.2] ==> ignore
    arg [-o] ==> ignore
    arg [cmTC_003fa] ==> ignore
    arg [/lib/../lib64/crt1.o] ==> obj [/lib/../lib64/crt1.o]
    arg [/lib/../lib64/crti.o] ==> obj [/lib/../lib64/crti.o]
    arg [/apps/compilers/gcc/9.3.0/lib/gcc/x86_64-pc-linux-gnu/9.3.0/crtbegin.o] ==> obj [/apps/compilers/gcc/9.3.0/lib/gcc/x86_64-pc-linux-gnu/9.3.0/crtbegin.o]
    arg [-L/opt/pmix/3.1.2/lib64] ==> dir [/opt/pmix/3.1.2/lib64]
    arg [-L/opt/slurm/lib64] ==> dir [/opt/slurm/lib64]
    arg [-L/apps/mpi/cuda/11.0.207/gcc/9.3.0/openmpi/4.0.4/lib64] ==> dir [/apps/mpi/cuda/11.0.207/gcc/9.3.0/openmpi/4.0.4/lib64]
    arg [-L/apps/compilers/gcc/9.3.0/lib/gcc/x86_64-pc-linux-gnu/9.3.0] ==> dir [/apps/compilers/gcc/9.3.0/lib/gcc/x86_64-pc-linux-gnu/9.3.0]
    arg [-L/apps/compilers/gcc/9.3.0/lib/gcc/x86_64-pc-linux-gnu/9.3.0/../../../../lib64] ==> dir [/apps/compilers/gcc/9.3.0/lib/gcc/x86_64-pc-linux-gnu/9.3.0/../../../../lib64]
    arg [-L/lib/../lib64] ==> dir [/lib/../lib64]
    arg [-L/usr/lib/../lib64] ==> dir [/usr/lib/../lib64]
    arg [-L/apps/compilers/gcc/9.3.0/lib/gcc/x86_64-pc-linux-gnu/9.3.0/../../..] ==> dir [/apps/compilers/gcc/9.3.0/lib/gcc/x86_64-pc-linux-gnu/9.3.0/../../..]
    arg [CMakeFiles/cmTC_003fa.dir/CMakeCCompilerABI.c.o] ==> ignore
    arg [-rpath] ==> ignore
    arg [/opt/pmix/3.1.2/lib64] ==> ignore
    arg [-rpath] ==> ignore
    arg [/opt/slurm/lib64] ==> ignore
    arg [-rpath] ==> ignore
    arg [/apps/mpi/cuda/11.0.207/gcc/9.3.0/openmpi/4.0.4/lib64] ==> ignore
    arg [--enable-new-dtags] ==> ignore
    arg [-lmpi] ==> lib [mpi]
    arg [-lgcc] ==> lib [gcc]
    arg [--as-needed] ==> ignore
    arg [-lgcc_s] ==> lib [gcc_s]
    arg [--no-as-needed] ==> ignore
    arg [-lpthread] ==> lib [pthread]
    arg [-lc] ==> lib [c]
    arg [-lgcc] ==> lib [gcc]
    arg [--as-needed] ==> ignore
    arg [-lgcc_s] ==> lib [gcc_s]
    arg [--no-as-needed] ==> ignore
    arg [/apps/compilers/gcc/9.3.0/lib/gcc/x86_64-pc-linux-gnu/9.3.0/crtend.o] ==> obj [/apps/compilers/gcc/9.3.0/lib/gcc/x86_64-pc-linux-gnu/9.3.0/crtend.o]
    arg [/lib/../lib64/crtn.o] ==> obj [/lib/../lib64/crtn.o]
  collapse obj [/lib/../lib64/crt1.o] ==> [/lib64/crt1.o]
  collapse obj [/lib/../lib64/crti.o] ==> [/lib64/crti.o]
  collapse obj [/lib/../lib64/crtn.o] ==> [/lib64/crtn.o]
  collapse library dir [/opt/pmix/3.1.2/lib64] ==> [/opt/pmix/3.1.2/lib64]
  collapse library dir [/opt/slurm/lib64] ==> [/opt/slurm/lib64]
  collapse library dir [/apps/mpi/cuda/11.0.207/gcc/9.3.0/openmpi/4.0.4/lib64] ==> [/apps/mpi/cuda/11.0.207/gcc/9.3.0/openmpi/4.0.4/lib64]
  collapse library dir [/apps/compilers/gcc/9.3.0/lib/gcc/x86_64-pc-linux-gnu/9.3.0] ==> [/apps/compilers/gcc/9.3.0/lib/gcc/x86_64-pc-linux-gnu/9.3.0]
  collapse library dir [/apps/compilers/gcc/9.3.0/lib/gcc/x86_64-pc-linux-gnu/9.3.0/../../../../lib64] ==> [/apps/compilers/gcc/9.3.0/lib64]
  collapse library dir [/lib/../lib64] ==> [/lib64]
  collapse library dir [/usr/lib/../lib64] ==> [/usr/lib64]
  collapse library dir [/apps/compilers/gcc/9.3.0/lib/gcc/x86_64-pc-linux-gnu/9.3.0/../../..] ==> [/apps/compilers/gcc/9.3.0/lib]
  implicit libs: [mpi;gcc;gcc_s;pthread;c;gcc;gcc_s]
  implicit objs: [/lib64/crt1.o;/lib64/crti.o;/apps/compilers/gcc/9.3.0/lib/gcc/x86_64-pc-linux-gnu/9.3.0/crtbegin.o;/apps/compilers/gcc/9.3.0/lib/gcc/x86_64-pc-linux-gnu/9.3.0/crtend.o;/lib64/crtn.o]
  implicit dirs: [/opt/pmix/3.1.2/lib64;/opt/slurm/lib64;/apps/mpi/cuda/11.0.207/gcc/9.3.0/openmpi/4.0.4/lib64;/apps/compilers/gcc/9.3.0/lib/gcc/x86_64-pc-linux-gnu/9.3.0;/apps/compilers/gcc/9.3.0/lib64;/lib64;/usr/lib64;/apps/compilers/gcc/9.3.0/lib]
  implicit fwks: []


Detecting CXX compiler ABI info compiled with the following output:
Change Dir: /home/liweichang/program/meld_cuda11_dev/plugin/build_cuda11/CMakeFiles/CMakeTmp

Run Build Command(s):/usr/bin/gmake -f Makefile cmTC_2e6c7/fast && /usr/bin/gmake  -f CMakeFiles/cmTC_2e6c7.dir/build.make CMakeFiles/cmTC_2e6c7.dir/build
gmake[1]: Entering directory `/home/liweichang/program/meld_cuda11_dev/plugin/build_cuda11/CMakeFiles/CMakeTmp'
Building CXX object CMakeFiles/cmTC_2e6c7.dir/CMakeCXXCompilerABI.cpp.o
/apps/mpi/cuda/11.0.207/gcc/9.3.0/openmpi/4.0.4/bin/mpicxx   -v -o CMakeFiles/cmTC_2e6c7.dir/CMakeCXXCompilerABI.cpp.o -c /apps/cmake/3.21.3/share/cmake-3.21/Modules/CMakeCXXCompilerABI.cpp
Using built-in specs.
COLLECT_GCC=/apps/compilers/gcc/9.3.0/bin/g++
Target: x86_64-pc-linux-gnu
Configured with: ./configure prefix=/apps/compilers/gcc/9.3.0 --disable-multilib
Thread model: posix
gcc version 9.3.0 (GCC) 
COLLECT_GCC_OPTIONS='-v' '-o' 'CMakeFiles/cmTC_2e6c7.dir/CMakeCXXCompilerABI.cpp.o' '-c' '-I' '/apps/mpi/cuda/11.0.207/gcc/9.3.0/openmpi/4.0.4/include' '-pthread' '-shared-libgcc' '-mtune=generic' '-march=x86-64'
 /apps/compilers/gcc/9.3.0/libexec/gcc/x86_64-pc-linux-gnu/9.3.0/cc1plus -quiet -v -I /apps/mpi/cuda/11.0.207/gcc/9.3.0/openmpi/4.0.4/include -D_GNU_SOURCE -D_REENTRANT /apps/cmake/3.21.3/share/cmake-3.21/Modules/CMakeCXXCompilerABI.cpp -quiet -dumpbase CMakeCXXCompilerABI.cpp -mtune=generic -march=x86-64 -auxbase-strip CMakeFiles/cmTC_2e6c7.dir/CMakeCXXCompilerABI.cpp.o -version -o /scratch/local/46889481/ccQvll4M.s
GNU C++14 (GCC) version 9.3.0 (x86_64-pc-linux-gnu)
	compiled by GNU C version 9.3.0, GMP version 6.1.0, MPFR version 3.1.4, MPC version 1.0.3, isl version isl-0.18-GMP

GGC heuristics: --param ggc-min-expand=100 --param ggc-min-heapsize=131072
ignoring nonexistent directory "/apps/compilers/gcc/9.3.0/lib/gcc/x86_64-pc-linux-gnu/9.3.0/../../../../x86_64-pc-linux-gnu/include"
#include "..." search starts here:
#include <...> search starts here:
 /apps/mpi/cuda/11.0.207/gcc/9.3.0/openmpi/4.0.4/include
 /apps/compilers/gcc/9.3.0/lib/gcc/x86_64-pc-linux-gnu/9.3.0/../../../../include/c++/9.3.0
 /apps/compilers/gcc/9.3.0/lib/gcc/x86_64-pc-linux-gnu/9.3.0/../../../../include/c++/9.3.0/x86_64-pc-linux-gnu
 /apps/compilers/gcc/9.3.0/lib/gcc/x86_64-pc-linux-gnu/9.3.0/../../../../include/c++/9.3.0/backward
 /apps/compilers/gcc/9.3.0/lib/gcc/x86_64-pc-linux-gnu/9.3.0/include
 /usr/local/include
 /apps/compilers/gcc/9.3.0/lib/gcc/x86_64-pc-linux-gnu/9.3.0/include-fixed
 /usr/include
End of search list.
GNU C++14 (GCC) version 9.3.0 (x86_64-pc-linux-gnu)
	compiled by GNU C version 9.3.0, GMP version 6.1.0, MPFR version 3.1.4, MPC version 1.0.3, isl version isl-0.18-GMP

GGC heuristics: --param ggc-min-expand=100 --param ggc-min-heapsize=131072
Compiler executable checksum: f6a89685a54621bc5f000e8968f08b79
COLLECT_GCC_OPTIONS='-v' '-o' 'CMakeFiles/cmTC_2e6c7.dir/CMakeCXXCompilerABI.cpp.o' '-c' '-I' '/apps/mpi/cuda/11.0.207/gcc/9.3.0/openmpi/4.0.4/include' '-pthread' '-shared-libgcc' '-mtune=generic' '-march=x86-64'
 as -v -I /apps/mpi/cuda/11.0.207/gcc/9.3.0/openmpi/4.0.4/include --64 -o CMakeFiles/cmTC_2e6c7.dir/CMakeCXXCompilerABI.cpp.o /scratch/local/46889481/ccQvll4M.s
GNU assembler version 2.27 (x86_64-redhat-linux) using BFD version version 2.27-41.base.el7_7.3
COMPILER_PATH=/apps/compilers/gcc/9.3.0/libexec/gcc/x86_64-pc-linux-gnu/9.3.0/:/apps/compilers/gcc/9.3.0/libexec/gcc/x86_64-pc-linux-gnu/9.3.0/:/apps/compilers/gcc/9.3.0/libexec/gcc/x86_64-pc-linux-gnu/:/apps/compilers/gcc/9.3.0/lib/gcc/x86_64-pc-linux-gnu/9.3.0/:/apps/compilers/gcc/9.3.0/lib/gcc/x86_64-pc-linux-gnu/
LIBRARY_PATH=/apps/compilers/gcc/9.3.0/lib/gcc/x86_64-pc-linux-gnu/9.3.0/:/apps/compilers/gcc/9.3.0/lib/gcc/x86_64-pc-linux-gnu/9.3.0/../../../../lib64/:/lib/../lib64/:/usr/lib/../lib64/:/apps/compilers/gcc/9.3.0/lib/gcc/x86_64-pc-linux-gnu/9.3.0/../../../:/lib/:/usr/lib/
COLLECT_GCC_OPTIONS='-v' '-o' 'CMakeFiles/cmTC_2e6c7.dir/CMakeCXXCompilerABI.cpp.o' '-c' '-I' '/apps/mpi/cuda/11.0.207/gcc/9.3.0/openmpi/4.0.4/include' '-pthread' '-shared-libgcc' '-mtune=generic' '-march=x86-64'
Linking CXX executable cmTC_2e6c7
/apps/cmake/3.21.3/bin/cmake -E cmake_link_script CMakeFiles/cmTC_2e6c7.dir/link.txt --verbose=1
/apps/mpi/cuda/11.0.207/gcc/9.3.0/openmpi/4.0.4/bin/mpicxx  -v -rdynamic CMakeFiles/cmTC_2e6c7.dir/CMakeCXXCompilerABI.cpp.o -o cmTC_2e6c7 
Using built-in specs.
COLLECT_GCC=/apps/compilers/gcc/9.3.0/bin/g++
COLLECT_LTO_WRAPPER=/apps/compilers/gcc/9.3.0/libexec/gcc/x86_64-pc-linux-gnu/9.3.0/lto-wrapper
Target: x86_64-pc-linux-gnu
Configured with: ./configure prefix=/apps/compilers/gcc/9.3.0 --disable-multilib
Thread model: posix
gcc version 9.3.0 (GCC) 
COMPILER_PATH=/apps/compilers/gcc/9.3.0/libexec/gcc/x86_64-pc-linux-gnu/9.3.0/:/apps/compilers/gcc/9.3.0/libexec/gcc/x86_64-pc-linux-gnu/9.3.0/:/apps/compilers/gcc/9.3.0/libexec/gcc/x86_64-pc-linux-gnu/:/apps/compilers/gcc/9.3.0/lib/gcc/x86_64-pc-linux-gnu/9.3.0/:/apps/compilers/gcc/9.3.0/lib/gcc/x86_64-pc-linux-gnu/
LIBRARY_PATH=/apps/compilers/gcc/9.3.0/lib/gcc/x86_64-pc-linux-gnu/9.3.0/:/apps/compilers/gcc/9.3.0/lib/gcc/x86_64-pc-linux-gnu/9.3.0/../../../../lib64/:/lib/../lib64/:/usr/lib/../lib64/:/apps/compilers/gcc/9.3.0/lib/gcc/x86_64-pc-linux-gnu/9.3.0/../../../:/lib/:/usr/lib/
COLLECT_GCC_OPTIONS='-v' '-rdynamic' '-o' 'cmTC_2e6c7' '-I' '/apps/mpi/cuda/11.0.207/gcc/9.3.0/openmpi/4.0.4/include' '-pthread' '-L/opt/pmix/3.1.2/lib64' '-L/opt/slurm/lib64' '-L/apps/mpi/cuda/11.0.207/gcc/9.3.0/openmpi/4.0.4/lib64' '-shared-libgcc' '-mtune=generic' '-march=x86-64'
 /apps/compilers/gcc/9.3.0/libexec/gcc/x86_64-pc-linux-gnu/9.3.0/collect2 -plugin /apps/compilers/gcc/9.3.0/libexec/gcc/x86_64-pc-linux-gnu/9.3.0/liblto_plugin.so -plugin-opt=/apps/compilers/gcc/9.3.0/libexec/gcc/x86_64-pc-linux-gnu/9.3.0/lto-wrapper -plugin-opt=-fresolution=/scratch/local/46889481/ccqLNoHN.res -plugin-opt=-pass-through=-lgcc_s -plugin-opt=-pass-through=-lgcc -plugin-opt=-pass-through=-lpthread -plugin-opt=-pass-through=-lc -plugin-opt=-pass-through=-lgcc_s -plugin-opt=-pass-through=-lgcc --eh-frame-hdr -m elf_x86_64 -export-dynamic -dynamic-linker /lib64/ld-linux-x86-64.so.2 -o cmTC_2e6c7 /lib/../lib64/crt1.o /lib/../lib64/crti.o /apps/compilers/gcc/9.3.0/lib/gcc/x86_64-pc-linux-gnu/9.3.0/crtbegin.o -L/opt/pmix/3.1.2/lib64 -L/opt/slurm/lib64 -L/apps/mpi/cuda/11.0.207/gcc/9.3.0/openmpi/4.0.4/lib64 -L/apps/compilers/gcc/9.3.0/lib/gcc/x86_64-pc-linux-gnu/9.3.0 -L/apps/compilers/gcc/9.3.0/lib/gcc/x86_64-pc-linux-gnu/9.3.0/../../../../lib64 -L/lib/../lib64 -L/usr/lib/../lib64 -L/apps/compilers/gcc/9.3.0/lib/gcc/x86_64-pc-linux-gnu/9.3.0/../../.. CMakeFiles/cmTC_2e6c7.dir/CMakeCXXCompilerABI.cpp.o -rpath /opt/pmix/3.1.2/lib64 -rpath /opt/slurm/lib64 -rpath /apps/mpi/cuda/11.0.207/gcc/9.3.0/openmpi/4.0.4/lib64 --enable-new-dtags -lmpi -lstdc++ -lm -lgcc_s -lgcc -lpthread -lc -lgcc_s -lgcc /apps/compilers/gcc/9.3.0/lib/gcc/x86_64-pc-linux-gnu/9.3.0/crtend.o /lib/../lib64/crtn.o
COLLECT_GCC_OPTIONS='-v' '-rdynamic' '-o' 'cmTC_2e6c7' '-I' '/apps/mpi/cuda/11.0.207/gcc/9.3.0/openmpi/4.0.4/include' '-pthread' '-L/opt/pmix/3.1.2/lib64' '-L/opt/slurm/lib64' '-L/apps/mpi/cuda/11.0.207/gcc/9.3.0/openmpi/4.0.4/lib64' '-shared-libgcc' '-mtune=generic' '-march=x86-64'
gmake[1]: Leaving directory `/home/liweichang/program/meld_cuda11_dev/plugin/build_cuda11/CMakeFiles/CMakeTmp'



Parsed CXX implicit include dir info from above output: rv=done
  found start of include info
  found start of implicit include info
    add: [/apps/mpi/cuda/11.0.207/gcc/9.3.0/openmpi/4.0.4/include]
    add: [/apps/compilers/gcc/9.3.0/lib/gcc/x86_64-pc-linux-gnu/9.3.0/../../../../include/c++/9.3.0]
    add: [/apps/compilers/gcc/9.3.0/lib/gcc/x86_64-pc-linux-gnu/9.3.0/../../../../include/c++/9.3.0/x86_64-pc-linux-gnu]
    add: [/apps/compilers/gcc/9.3.0/lib/gcc/x86_64-pc-linux-gnu/9.3.0/../../../../include/c++/9.3.0/backward]
    add: [/apps/compilers/gcc/9.3.0/lib/gcc/x86_64-pc-linux-gnu/9.3.0/include]
    add: [/usr/local/include]
    add: [/apps/compilers/gcc/9.3.0/lib/gcc/x86_64-pc-linux-gnu/9.3.0/include-fixed]
    add: [/usr/include]
  end of search list found
  collapse include dir [/apps/mpi/cuda/11.0.207/gcc/9.3.0/openmpi/4.0.4/include] ==> [/apps/mpi/cuda/11.0.207/gcc/9.3.0/openmpi/4.0.4/include]
  collapse include dir [/apps/compilers/gcc/9.3.0/lib/gcc/x86_64-pc-linux-gnu/9.3.0/../../../../include/c++/9.3.0] ==> [/apps/compilers/gcc/9.3.0/include/c++/9.3.0]
  collapse include dir [/apps/compilers/gcc/9.3.0/lib/gcc/x86_64-pc-linux-gnu/9.3.0/../../../../include/c++/9.3.0/x86_64-pc-linux-gnu] ==> [/apps/compilers/gcc/9.3.0/include/c++/9.3.0/x86_64-pc-linux-gnu]
  collapse include dir [/apps/compilers/gcc/9.3.0/lib/gcc/x86_64-pc-linux-gnu/9.3.0/../../../../include/c++/9.3.0/backward] ==> [/apps/compilers/gcc/9.3.0/include/c++/9.3.0/backward]
  collapse include dir [/apps/compilers/gcc/9.3.0/lib/gcc/x86_64-pc-linux-gnu/9.3.0/include] ==> [/apps/compilers/gcc/9.3.0/lib/gcc/x86_64-pc-linux-gnu/9.3.0/include]
  collapse include dir [/usr/local/include] ==> [/usr/local/include]
  collapse include dir [/apps/compilers/gcc/9.3.0/lib/gcc/x86_64-pc-linux-gnu/9.3.0/include-fixed] ==> [/apps/compilers/gcc/9.3.0/lib/gcc/x86_64-pc-linux-gnu/9.3.0/include-fixed]
  collapse include dir [/usr/include] ==> [/usr/include]
  implicit include dirs: [/apps/mpi/cuda/11.0.207/gcc/9.3.0/openmpi/4.0.4/include;/apps/compilers/gcc/9.3.0/include/c++/9.3.0;/apps/compilers/gcc/9.3.0/include/c++/9.3.0/x86_64-pc-linux-gnu;/apps/compilers/gcc/9.3.0/include/c++/9.3.0/backward;/apps/compilers/gcc/9.3.0/lib/gcc/x86_64-pc-linux-gnu/9.3.0/include;/usr/local/include;/apps/compilers/gcc/9.3.0/lib/gcc/x86_64-pc-linux-gnu/9.3.0/include-fixed;/usr/include]


Parsed CXX implicit link information from above output:
  link line regex: [^( *|.*[/\])(ld|CMAKE_LINK_STARTFILE-NOTFOUND|([^/\]+-)?ld|collect2)[^/\]*( |$)]
  ignore line: [Change Dir: /home/liweichang/program/meld_cuda11_dev/plugin/build_cuda11/CMakeFiles/CMakeTmp]
  ignore line: []
  ignore line: [Run Build Command(s):/usr/bin/gmake -f Makefile cmTC_2e6c7/fast && /usr/bin/gmake  -f CMakeFiles/cmTC_2e6c7.dir/build.make CMakeFiles/cmTC_2e6c7.dir/build]
  ignore line: [gmake[1]: Entering directory `/home/liweichang/program/meld_cuda11_dev/plugin/build_cuda11/CMakeFiles/CMakeTmp']
  ignore line: [Building CXX object CMakeFiles/cmTC_2e6c7.dir/CMakeCXXCompilerABI.cpp.o]
  ignore line: [/apps/mpi/cuda/11.0.207/gcc/9.3.0/openmpi/4.0.4/bin/mpicxx   -v -o CMakeFiles/cmTC_2e6c7.dir/CMakeCXXCompilerABI.cpp.o -c /apps/cmake/3.21.3/share/cmake-3.21/Modules/CMakeCXXCompilerABI.cpp]
  ignore line: [Using built-in specs.]
  ignore line: [COLLECT_GCC=/apps/compilers/gcc/9.3.0/bin/g++]
  ignore line: [Target: x86_64-pc-linux-gnu]
  ignore line: [Configured with: ./configure prefix=/apps/compilers/gcc/9.3.0 --disable-multilib]
  ignore line: [Thread model: posix]
  ignore line: [gcc version 9.3.0 (GCC) ]
  ignore line: [COLLECT_GCC_OPTIONS='-v' '-o' 'CMakeFiles/cmTC_2e6c7.dir/CMakeCXXCompilerABI.cpp.o' '-c' '-I' '/apps/mpi/cuda/11.0.207/gcc/9.3.0/openmpi/4.0.4/include' '-pthread' '-shared-libgcc' '-mtune=generic' '-march=x86-64']
  ignore line: [ /apps/compilers/gcc/9.3.0/libexec/gcc/x86_64-pc-linux-gnu/9.3.0/cc1plus -quiet -v -I /apps/mpi/cuda/11.0.207/gcc/9.3.0/openmpi/4.0.4/include -D_GNU_SOURCE -D_REENTRANT /apps/cmake/3.21.3/share/cmake-3.21/Modules/CMakeCXXCompilerABI.cpp -quiet -dumpbase CMakeCXXCompilerABI.cpp -mtune=generic -march=x86-64 -auxbase-strip CMakeFiles/cmTC_2e6c7.dir/CMakeCXXCompilerABI.cpp.o -version -o /scratch/local/46889481/ccQvll4M.s]
  ignore line: [GNU C++14 (GCC) version 9.3.0 (x86_64-pc-linux-gnu)]
  ignore line: [	compiled by GNU C version 9.3.0  GMP version 6.1.0  MPFR version 3.1.4  MPC version 1.0.3  isl version isl-0.18-GMP]
  ignore line: []
  ignore line: [GGC heuristics: --param ggc-min-expand=100 --param ggc-min-heapsize=131072]
  ignore line: [ignoring nonexistent directory "/apps/compilers/gcc/9.3.0/lib/gcc/x86_64-pc-linux-gnu/9.3.0/../../../../x86_64-pc-linux-gnu/include"]
  ignore line: [#include "..." search starts here:]
  ignore line: [#include <...> search starts here:]
  ignore line: [ /apps/mpi/cuda/11.0.207/gcc/9.3.0/openmpi/4.0.4/include]
  ignore line: [ /apps/compilers/gcc/9.3.0/lib/gcc/x86_64-pc-linux-gnu/9.3.0/../../../../include/c++/9.3.0]
  ignore line: [ /apps/compilers/gcc/9.3.0/lib/gcc/x86_64-pc-linux-gnu/9.3.0/../../../../include/c++/9.3.0/x86_64-pc-linux-gnu]
  ignore line: [ /apps/compilers/gcc/9.3.0/lib/gcc/x86_64-pc-linux-gnu/9.3.0/../../../../include/c++/9.3.0/backward]
  ignore line: [ /apps/compilers/gcc/9.3.0/lib/gcc/x86_64-pc-linux-gnu/9.3.0/include]
  ignore line: [ /usr/local/include]
  ignore line: [ /apps/compilers/gcc/9.3.0/lib/gcc/x86_64-pc-linux-gnu/9.3.0/include-fixed]
  ignore line: [ /usr/include]
  ignore line: [End of search list.]
  ignore line: [GNU C++14 (GCC) version 9.3.0 (x86_64-pc-linux-gnu)]
  ignore line: [	compiled by GNU C version 9.3.0  GMP version 6.1.0  MPFR version 3.1.4  MPC version 1.0.3  isl version isl-0.18-GMP]
  ignore line: []
  ignore line: [GGC heuristics: --param ggc-min-expand=100 --param ggc-min-heapsize=131072]
  ignore line: [Compiler executable checksum: f6a89685a54621bc5f000e8968f08b79]
  ignore line: [COLLECT_GCC_OPTIONS='-v' '-o' 'CMakeFiles/cmTC_2e6c7.dir/CMakeCXXCompilerABI.cpp.o' '-c' '-I' '/apps/mpi/cuda/11.0.207/gcc/9.3.0/openmpi/4.0.4/include' '-pthread' '-shared-libgcc' '-mtune=generic' '-march=x86-64']
  ignore line: [ as -v -I /apps/mpi/cuda/11.0.207/gcc/9.3.0/openmpi/4.0.4/include --64 -o CMakeFiles/cmTC_2e6c7.dir/CMakeCXXCompilerABI.cpp.o /scratch/local/46889481/ccQvll4M.s]
  ignore line: [GNU assembler version 2.27 (x86_64-redhat-linux) using BFD version version 2.27-41.base.el7_7.3]
  ignore line: [COMPILER_PATH=/apps/compilers/gcc/9.3.0/libexec/gcc/x86_64-pc-linux-gnu/9.3.0/:/apps/compilers/gcc/9.3.0/libexec/gcc/x86_64-pc-linux-gnu/9.3.0/:/apps/compilers/gcc/9.3.0/libexec/gcc/x86_64-pc-linux-gnu/:/apps/compilers/gcc/9.3.0/lib/gcc/x86_64-pc-linux-gnu/9.3.0/:/apps/compilers/gcc/9.3.0/lib/gcc/x86_64-pc-linux-gnu/]
  ignore line: [LIBRARY_PATH=/apps/compilers/gcc/9.3.0/lib/gcc/x86_64-pc-linux-gnu/9.3.0/:/apps/compilers/gcc/9.3.0/lib/gcc/x86_64-pc-linux-gnu/9.3.0/../../../../lib64/:/lib/../lib64/:/usr/lib/../lib64/:/apps/compilers/gcc/9.3.0/lib/gcc/x86_64-pc-linux-gnu/9.3.0/../../../:/lib/:/usr/lib/]
  ignore line: [COLLECT_GCC_OPTIONS='-v' '-o' 'CMakeFiles/cmTC_2e6c7.dir/CMakeCXXCompilerABI.cpp.o' '-c' '-I' '/apps/mpi/cuda/11.0.207/gcc/9.3.0/openmpi/4.0.4/include' '-pthread' '-shared-libgcc' '-mtune=generic' '-march=x86-64']
  ignore line: [Linking CXX executable cmTC_2e6c7]
  ignore line: [/apps/cmake/3.21.3/bin/cmake -E cmake_link_script CMakeFiles/cmTC_2e6c7.dir/link.txt --verbose=1]
  ignore line: [/apps/mpi/cuda/11.0.207/gcc/9.3.0/openmpi/4.0.4/bin/mpicxx  -v -rdynamic CMakeFiles/cmTC_2e6c7.dir/CMakeCXXCompilerABI.cpp.o -o cmTC_2e6c7 ]
  ignore line: [Using built-in specs.]
  ignore line: [COLLECT_GCC=/apps/compilers/gcc/9.3.0/bin/g++]
  ignore line: [COLLECT_LTO_WRAPPER=/apps/compilers/gcc/9.3.0/libexec/gcc/x86_64-pc-linux-gnu/9.3.0/lto-wrapper]
  ignore line: [Target: x86_64-pc-linux-gnu]
  ignore line: [Configured with: ./configure prefix=/apps/compilers/gcc/9.3.0 --disable-multilib]
  ignore line: [Thread model: posix]
  ignore line: [gcc version 9.3.0 (GCC) ]
  ignore line: [COMPILER_PATH=/apps/compilers/gcc/9.3.0/libexec/gcc/x86_64-pc-linux-gnu/9.3.0/:/apps/compilers/gcc/9.3.0/libexec/gcc/x86_64-pc-linux-gnu/9.3.0/:/apps/compilers/gcc/9.3.0/libexec/gcc/x86_64-pc-linux-gnu/:/apps/compilers/gcc/9.3.0/lib/gcc/x86_64-pc-linux-gnu/9.3.0/:/apps/compilers/gcc/9.3.0/lib/gcc/x86_64-pc-linux-gnu/]
  ignore line: [LIBRARY_PATH=/apps/compilers/gcc/9.3.0/lib/gcc/x86_64-pc-linux-gnu/9.3.0/:/apps/compilers/gcc/9.3.0/lib/gcc/x86_64-pc-linux-gnu/9.3.0/../../../../lib64/:/lib/../lib64/:/usr/lib/../lib64/:/apps/compilers/gcc/9.3.0/lib/gcc/x86_64-pc-linux-gnu/9.3.0/../../../:/lib/:/usr/lib/]
  ignore line: [COLLECT_GCC_OPTIONS='-v' '-rdynamic' '-o' 'cmTC_2e6c7' '-I' '/apps/mpi/cuda/11.0.207/gcc/9.3.0/openmpi/4.0.4/include' '-pthread' '-L/opt/pmix/3.1.2/lib64' '-L/opt/slurm/lib64' '-L/apps/mpi/cuda/11.0.207/gcc/9.3.0/openmpi/4.0.4/lib64' '-shared-libgcc' '-mtune=generic' '-march=x86-64']
  link line: [ /apps/compilers/gcc/9.3.0/libexec/gcc/x86_64-pc-linux-gnu/9.3.0/collect2 -plugin /apps/compilers/gcc/9.3.0/libexec/gcc/x86_64-pc-linux-gnu/9.3.0/liblto_plugin.so -plugin-opt=/apps/compilers/gcc/9.3.0/libexec/gcc/x86_64-pc-linux-gnu/9.3.0/lto-wrapper -plugin-opt=-fresolution=/scratch/local/46889481/ccqLNoHN.res -plugin-opt=-pass-through=-lgcc_s -plugin-opt=-pass-through=-lgcc -plugin-opt=-pass-through=-lpthread -plugin-opt=-pass-through=-lc -plugin-opt=-pass-through=-lgcc_s -plugin-opt=-pass-through=-lgcc --eh-frame-hdr -m elf_x86_64 -export-dynamic -dynamic-linker /lib64/ld-linux-x86-64.so.2 -o cmTC_2e6c7 /lib/../lib64/crt1.o /lib/../lib64/crti.o /apps/compilers/gcc/9.3.0/lib/gcc/x86_64-pc-linux-gnu/9.3.0/crtbegin.o -L/opt/pmix/3.1.2/lib64 -L/opt/slurm/lib64 -L/apps/mpi/cuda/11.0.207/gcc/9.3.0/openmpi/4.0.4/lib64 -L/apps/compilers/gcc/9.3.0/lib/gcc/x86_64-pc-linux-gnu/9.3.0 -L/apps/compilers/gcc/9.3.0/lib/gcc/x86_64-pc-linux-gnu/9.3.0/../../../../lib64 -L/lib/../lib64 -L/usr/lib/../lib64 -L/apps/compilers/gcc/9.3.0/lib/gcc/x86_64-pc-linux-gnu/9.3.0/../../.. CMakeFiles/cmTC_2e6c7.dir/CMakeCXXCompilerABI.cpp.o -rpath /opt/pmix/3.1.2/lib64 -rpath /opt/slurm/lib64 -rpath /apps/mpi/cuda/11.0.207/gcc/9.3.0/openmpi/4.0.4/lib64 --enable-new-dtags -lmpi -lstdc++ -lm -lgcc_s -lgcc -lpthread -lc -lgcc_s -lgcc /apps/compilers/gcc/9.3.0/lib/gcc/x86_64-pc-linux-gnu/9.3.0/crtend.o /lib/../lib64/crtn.o]
    arg [/apps/compilers/gcc/9.3.0/libexec/gcc/x86_64-pc-linux-gnu/9.3.0/collect2] ==> ignore
    arg [-plugin] ==> ignore
    arg [/apps/compilers/gcc/9.3.0/libexec/gcc/x86_64-pc-linux-gnu/9.3.0/liblto_plugin.so] ==> ignore
    arg [-plugin-opt=/apps/compilers/gcc/9.3.0/libexec/gcc/x86_64-pc-linux-gnu/9.3.0/lto-wrapper] ==> ignore
    arg [-plugin-opt=-fresolution=/scratch/local/46889481/ccqLNoHN.res] ==> ignore
    arg [-plugin-opt=-pass-through=-lgcc_s] ==> ignore
    arg [-plugin-opt=-pass-through=-lgcc] ==> ignore
    arg [-plugin-opt=-pass-through=-lpthread] ==> ignore
    arg [-plugin-opt=-pass-through=-lc] ==> ignore
    arg [-plugin-opt=-pass-through=-lgcc_s] ==> ignore
    arg [-plugin-opt=-pass-through=-lgcc] ==> ignore
    arg [--eh-frame-hdr] ==> ignore
    arg [-m] ==> ignore
    arg [elf_x86_64] ==> ignore
    arg [-export-dynamic] ==> ignore
    arg [-dynamic-linker] ==> ignore
    arg [/lib64/ld-linux-x86-64.so.2] ==> ignore
    arg [-o] ==> ignore
    arg [cmTC_2e6c7] ==> ignore
    arg [/lib/../lib64/crt1.o] ==> obj [/lib/../lib64/crt1.o]
    arg [/lib/../lib64/crti.o] ==> obj [/lib/../lib64/crti.o]
    arg [/apps/compilers/gcc/9.3.0/lib/gcc/x86_64-pc-linux-gnu/9.3.0/crtbegin.o] ==> obj [/apps/compilers/gcc/9.3.0/lib/gcc/x86_64-pc-linux-gnu/9.3.0/crtbegin.o]
    arg [-L/opt/pmix/3.1.2/lib64] ==> dir [/opt/pmix/3.1.2/lib64]
    arg [-L/opt/slurm/lib64] ==> dir [/opt/slurm/lib64]
    arg [-L/apps/mpi/cuda/11.0.207/gcc/9.3.0/openmpi/4.0.4/lib64] ==> dir [/apps/mpi/cuda/11.0.207/gcc/9.3.0/openmpi/4.0.4/lib64]
    arg [-L/apps/compilers/gcc/9.3.0/lib/gcc/x86_64-pc-linux-gnu/9.3.0] ==> dir [/apps/compilers/gcc/9.3.0/lib/gcc/x86_64-pc-linux-gnu/9.3.0]
    arg [-L/apps/compilers/gcc/9.3.0/lib/gcc/x86_64-pc-linux-gnu/9.3.0/../../../../lib64] ==> dir [/apps/compilers/gcc/9.3.0/lib/gcc/x86_64-pc-linux-gnu/9.3.0/../../../../lib64]
    arg [-L/lib/../lib64] ==> dir [/lib/../lib64]
    arg [-L/usr/lib/../lib64] ==> dir [/usr/lib/../lib64]
    arg [-L/apps/compilers/gcc/9.3.0/lib/gcc/x86_64-pc-linux-gnu/9.3.0/../../..] ==> dir [/apps/compilers/gcc/9.3.0/lib/gcc/x86_64-pc-linux-gnu/9.3.0/../../..]
    arg [CMakeFiles/cmTC_2e6c7.dir/CMakeCXXCompilerABI.cpp.o] ==> ignore
    arg [-rpath] ==> ignore
    arg [/opt/pmix/3.1.2/lib64] ==> ignore
    arg [-rpath] ==> ignore
    arg [/opt/slurm/lib64] ==> ignore
    arg [-rpath] ==> ignore
    arg [/apps/mpi/cuda/11.0.207/gcc/9.3.0/openmpi/4.0.4/lib64] ==> ignore
    arg [--enable-new-dtags] ==> ignore
    arg [-lmpi] ==> lib [mpi]
    arg [-lstdc++] ==> lib [stdc++]
    arg [-lm] ==> lib [m]
    arg [-lgcc_s] ==> lib [gcc_s]
    arg [-lgcc] ==> lib [gcc]
    arg [-lpthread] ==> lib [pthread]
    arg [-lc] ==> lib [c]
    arg [-lgcc_s] ==> lib [gcc_s]
    arg [-lgcc] ==> lib [gcc]
    arg [/apps/compilers/gcc/9.3.0/lib/gcc/x86_64-pc-linux-gnu/9.3.0/crtend.o] ==> obj [/apps/compilers/gcc/9.3.0/lib/gcc/x86_64-pc-linux-gnu/9.3.0/crtend.o]
    arg [/lib/../lib64/crtn.o] ==> obj [/lib/../lib64/crtn.o]
  collapse obj [/lib/../lib64/crt1.o] ==> [/lib64/crt1.o]
  collapse obj [/lib/../lib64/crti.o] ==> [/lib64/crti.o]
  collapse obj [/lib/../lib64/crtn.o] ==> [/lib64/crtn.o]
  collapse library dir [/opt/pmix/3.1.2/lib64] ==> [/opt/pmix/3.1.2/lib64]
  collapse library dir [/opt/slurm/lib64] ==> [/opt/slurm/lib64]
  collapse library dir [/apps/mpi/cuda/11.0.207/gcc/9.3.0/openmpi/4.0.4/lib64] ==> [/apps/mpi/cuda/11.0.207/gcc/9.3.0/openmpi/4.0.4/lib64]
  collapse library dir [/apps/compilers/gcc/9.3.0/lib/gcc/x86_64-pc-linux-gnu/9.3.0] ==> [/apps/compilers/gcc/9.3.0/lib/gcc/x86_64-pc-linux-gnu/9.3.0]
  collapse library dir [/apps/compilers/gcc/9.3.0/lib/gcc/x86_64-pc-linux-gnu/9.3.0/../../../../lib64] ==> [/apps/compilers/gcc/9.3.0/lib64]
  collapse library dir [/lib/../lib64] ==> [/lib64]
  collapse library dir [/usr/lib/../lib64] ==> [/usr/lib64]
  collapse library dir [/apps/compilers/gcc/9.3.0/lib/gcc/x86_64-pc-linux-gnu/9.3.0/../../..] ==> [/apps/compilers/gcc/9.3.0/lib]
  implicit libs: [mpi;stdc++;m;gcc_s;gcc;pthread;c;gcc_s;gcc]
  implicit objs: [/lib64/crt1.o;/lib64/crti.o;/apps/compilers/gcc/9.3.0/lib/gcc/x86_64-pc-linux-gnu/9.3.0/crtbegin.o;/apps/compilers/gcc/9.3.0/lib/gcc/x86_64-pc-linux-gnu/9.3.0/crtend.o;/lib64/crtn.o]
  implicit dirs: [/opt/pmix/3.1.2/lib64;/opt/slurm/lib64;/apps/mpi/cuda/11.0.207/gcc/9.3.0/openmpi/4.0.4/lib64;/apps/compilers/gcc/9.3.0/lib/gcc/x86_64-pc-linux-gnu/9.3.0;/apps/compilers/gcc/9.3.0/lib64;/lib64;/usr/lib64;/apps/compilers/gcc/9.3.0/lib]
  implicit fwks: []


Determining if the include file pthread.h exists passed with the following output:
Change Dir: /home/liweichang/program/meld_cuda11_dev/plugin/build_cuda11/CMakeFiles/CMakeTmp

Run Build Command(s):/usr/bin/gmake -f Makefile cmTC_4d479/fast && /usr/bin/gmake  -f CMakeFiles/cmTC_4d479.dir/build.make CMakeFiles/cmTC_4d479.dir/build
gmake[1]: Entering directory `/home/liweichang/program/meld_cuda11_dev/plugin/build_cuda11/CMakeFiles/CMakeTmp'
Building C object CMakeFiles/cmTC_4d479.dir/CheckIncludeFile.c.o
/apps/mpi/cuda/11.0.207/gcc/9.3.0/openmpi/4.0.4/bin/mpicc   -fPIC  -o CMakeFiles/cmTC_4d479.dir/CheckIncludeFile.c.o -c /home/liweichang/program/meld_cuda11_dev/plugin/build_cuda11/CMakeFiles/CMakeTmp/CheckIncludeFile.c
Linking C executable cmTC_4d479
/apps/cmake/3.21.3/bin/cmake -E cmake_link_script CMakeFiles/cmTC_4d479.dir/link.txt --verbose=1
/apps/mpi/cuda/11.0.207/gcc/9.3.0/openmpi/4.0.4/bin/mpicc -fPIC  -rdynamic CMakeFiles/cmTC_4d479.dir/CheckIncludeFile.c.o -o cmTC_4d479 
gmake[1]: Leaving directory `/home/liweichang/program/meld_cuda11_dev/plugin/build_cuda11/CMakeFiles/CMakeTmp'



Performing C SOURCE FILE Test CMAKE_HAVE_LIBC_PTHREAD succeeded with the following output:
Change Dir: /home/liweichang/program/meld_cuda11_dev/plugin/build_cuda11/CMakeFiles/CMakeTmp

Run Build Command(s):/usr/bin/gmake -f Makefile cmTC_87680/fast && /usr/bin/gmake  -f CMakeFiles/cmTC_87680.dir/build.make CMakeFiles/cmTC_87680.dir/build
gmake[1]: Entering directory `/home/liweichang/program/meld_cuda11_dev/plugin/build_cuda11/CMakeFiles/CMakeTmp'
Building C object CMakeFiles/cmTC_87680.dir/src.c.o
/apps/mpi/cuda/11.0.207/gcc/9.3.0/openmpi/4.0.4/bin/mpicc -DCMAKE_HAVE_LIBC_PTHREAD  -fPIC  -o CMakeFiles/cmTC_87680.dir/src.c.o -c /home/liweichang/program/meld_cuda11_dev/plugin/build_cuda11/CMakeFiles/CMakeTmp/src.c
Linking C executable cmTC_87680
/apps/cmake/3.21.3/bin/cmake -E cmake_link_script CMakeFiles/cmTC_87680.dir/link.txt --verbose=1
/apps/mpi/cuda/11.0.207/gcc/9.3.0/openmpi/4.0.4/bin/mpicc -fPIC  -rdynamic CMakeFiles/cmTC_87680.dir/src.c.o -o cmTC_87680 
gmake[1]: Leaving directory `/home/liweichang/program/meld_cuda11_dev/plugin/build_cuda11/CMakeFiles/CMakeTmp'


Source file was:
#include <pthread.h>

static void* test_func(void* data)
{
  return data;
}

int main(void)
{
  pthread_t thread;
  pthread_create(&thread, NULL, test_func, NULL);
  pthread_detach(thread);
  pthread_cancel(thread);
  pthread_join(thread, NULL);
  pthread_atfork(NULL, NULL, NULL);
  pthread_exit(NULL);

  return 0;
}

